<?xml version="1.0" encoding="UTF-8"?>
<!-- Generated by org.testng.reporters.JUnitXMLReporter -->
<testsuite ignored="0" hostname="LAPTOP-8JQ9GGG0" failures="0" tests="4" name="Test" time="21.992" errors="0" timestamp="2025-08-19T12:13:59 IST">
  <testcase classname="Selenium_TestNG.Lab_8_1" name="f" time="3.794"/>
  <testcase classname="Selenium_TestNG.Lab_8_1" name="f" time="3.583"/>
  <testcase classname="Selenium_TestNG.Lab_8_2" name="f" time="2.814"/>
  <testcase classname="Selenium_TestNG.Lab_8_2" name="f" time="2.87"/>
</testsuite> <!-- Test -->
