<?xml version="1.0" encoding="UTF-8"?>
<testng-results ignored="0" total="4" passed="4" failed="0" skipped="0">
  <reporter-output>
  </reporter-output>
  <suite started-at="2025-08-19T12:13:37 IST" name="Suite" finished-at="2025-08-19T12:13:59 IST" duration-ms="21992">
    <groups>
    </groups>
    <test started-at="2025-08-19T12:13:37 IST" name="Test" finished-at="2025-08-19T12:13:59 IST" duration-ms="21992">
      <class name="Selenium_TestNG.Lab_8_1">
        <test-method is-config="true" signature="beforeSuite()[pri:0, instance:Selenium_TestNG.Lab_8_1@52bf72b5]" started-at="2025-08-19T12:13:37 IST" name="beforeSuite" finished-at="2025-08-19T12:13:37 IST" duration-ms="5" status="PASS">
          <reporter-output>
          </reporter-output>
        </test-method> <!-- beforeSuite -->
        <test-method is-config="true" signature="beforeTest()[pri:0, instance:Selenium_TestNG.Lab_8_1@52bf72b5]" started-at="2025-08-19T12:13:37 IST" name="beforeTest" finished-at="2025-08-19T12:13:37 IST" duration-ms="0" status="PASS">
          <reporter-output>
          </reporter-output>
        </test-method> <!-- beforeTest -->
        <test-method is-config="true" signature="beforeClass()[pri:0, instance:Selenium_TestNG.Lab_8_1@52bf72b5]" started-at="2025-08-19T12:13:37 IST" name="beforeClass" finished-at="2025-08-19T12:13:37 IST" duration-ms="0" status="PASS">
          <reporter-output>
          </reporter-output>
        </test-method> <!-- beforeClass -->
        <test-method is-config="true" signature="beforeMethod()[pri:0, instance:Selenium_TestNG.Lab_8_1@52bf72b5]" started-at="2025-08-19T12:13:37 IST" name="beforeMethod" finished-at="2025-08-19T12:13:40 IST" duration-ms="2639" status="PASS">
          <reporter-output>
          </reporter-output>
        </test-method> <!-- beforeMethod -->
        <test-method signature="f(java.lang.String)[pri:0, instance:Selenium_TestNG.Lab_8_1@52bf72b5]" started-at="2025-08-19T12:13:40 IST" name="f" data-provider="dp" finished-at="2025-08-19T12:13:44 IST" duration-ms="3794" status="PASS">
          <params>
            <param index="0">
              <value>
                <![CDATA[Mobile]]>
              </value>
            </param>
          </params>
          <reporter-output>
          </reporter-output>
        </test-method> <!-- f -->
        <test-method is-config="true" signature="afterMethod()[pri:0, instance:Selenium_TestNG.Lab_8_1@52bf72b5]" started-at="2025-08-19T12:13:44 IST" name="afterMethod" finished-at="2025-08-19T12:13:44 IST" duration-ms="207" status="PASS">
          <reporter-output>
          </reporter-output>
        </test-method> <!-- afterMethod -->
        <test-method is-config="true" signature="beforeMethod()[pri:0, instance:Selenium_TestNG.Lab_8_1@52bf72b5]" started-at="2025-08-19T12:13:44 IST" name="beforeMethod" finished-at="2025-08-19T12:13:45 IST" duration-ms="1599" status="PASS">
          <reporter-output>
          </reporter-output>
        </test-method> <!-- beforeMethod -->
        <test-method signature="f(java.lang.String)[pri:0, instance:Selenium_TestNG.Lab_8_1@52bf72b5]" started-at="2025-08-19T12:13:45 IST" name="f" data-provider="dp" finished-at="2025-08-19T12:13:49 IST" duration-ms="3583" status="PASS">
          <params>
            <param index="0">
              <value>
                <![CDATA[Monitors]]>
              </value>
            </param>
          </params>
          <reporter-output>
          </reporter-output>
        </test-method> <!-- f -->
        <test-method is-config="true" signature="afterMethod()[pri:0, instance:Selenium_TestNG.Lab_8_1@52bf72b5]" started-at="2025-08-19T12:13:49 IST" name="afterMethod" finished-at="2025-08-19T12:13:49 IST" duration-ms="211" status="PASS">
          <reporter-output>
          </reporter-output>
        </test-method> <!-- afterMethod -->
        <test-method is-config="true" signature="afterClass()[pri:0, instance:Selenium_TestNG.Lab_8_1@52bf72b5]" started-at="2025-08-19T12:13:49 IST" name="afterClass" finished-at="2025-08-19T12:13:49 IST" duration-ms="0" status="PASS">
          <reporter-output>
          </reporter-output>
        </test-method> <!-- afterClass -->
        <test-method is-config="true" signature="afterTest()[pri:0, instance:Selenium_TestNG.Lab_8_1@52bf72b5]" started-at="2025-08-19T12:13:59 IST" name="afterTest" finished-at="2025-08-19T12:13:59 IST" duration-ms="1" status="PASS">
          <reporter-output>
          </reporter-output>
        </test-method> <!-- afterTest -->
        <test-method is-config="true" signature="afterSuite()[pri:0, instance:Selenium_TestNG.Lab_8_1@52bf72b5]" started-at="2025-08-19T12:13:59 IST" name="afterSuite" finished-at="2025-08-19T12:13:59 IST" duration-ms="0" status="PASS">
          <reporter-output>
          </reporter-output>
        </test-method> <!-- afterSuite -->
      </class> <!-- Selenium_TestNG.Lab_8_1 -->
      <class name="Selenium_TestNG.Lab_8_2">
        <test-method is-config="true" signature="beforeSuite()[pri:0, instance:Selenium_TestNG.Lab_8_2@16293aa2]" started-at="2025-08-19T12:13:37 IST" name="beforeSuite" finished-at="2025-08-19T12:13:37 IST" duration-ms="0" status="PASS">
          <reporter-output>
          </reporter-output>
        </test-method> <!-- beforeSuite -->
        <test-method is-config="true" signature="beforeTest()[pri:0, instance:Selenium_TestNG.Lab_8_2@16293aa2]" started-at="2025-08-19T12:13:37 IST" name="beforeTest" finished-at="2025-08-19T12:13:37 IST" duration-ms="0" status="PASS">
          <reporter-output>
          </reporter-output>
        </test-method> <!-- beforeTest -->
        <test-method is-config="true" signature="beforeClass()[pri:0, instance:Selenium_TestNG.Lab_8_2@16293aa2]" started-at="2025-08-19T12:13:49 IST" name="beforeClass" finished-at="2025-08-19T12:13:49 IST" duration-ms="0" status="PASS">
          <reporter-output>
          </reporter-output>
        </test-method> <!-- beforeClass -->
        <test-method is-config="true" signature="beforeMethod()[pri:0, instance:Selenium_TestNG.Lab_8_2@16293aa2]" started-at="2025-08-19T12:13:49 IST" name="beforeMethod" finished-at="2025-08-19T12:13:52 IST" duration-ms="2627" status="PASS">
          <reporter-output>
          </reporter-output>
        </test-method> <!-- beforeMethod -->
        <test-method signature="f(java.lang.String,java.lang.String)[pri:0, instance:Selenium_TestNG.Lab_8_2@16293aa2]" started-at="2025-08-19T12:13:52 IST" name="f" data-provider="dp" finished-at="2025-08-19T12:13:55 IST" duration-ms="2814" status="PASS">
          <params>
            <param index="0">
              <value>
                <![CDATA[1]]>
              </value>
            </param>
            <param index="1">
              <value>
                <![CDATA[a]]>
              </value>
            </param>
          </params>
          <reporter-output>
          </reporter-output>
        </test-method> <!-- f -->
        <test-method is-config="true" signature="afterMethod()[pri:0, instance:Selenium_TestNG.Lab_8_2@16293aa2]" started-at="2025-08-19T12:13:55 IST" name="afterMethod" finished-at="2025-08-19T12:13:55 IST" duration-ms="0" status="PASS">
          <reporter-output>
          </reporter-output>
        </test-method> <!-- afterMethod -->
        <test-method is-config="true" signature="beforeMethod()[pri:0, instance:Selenium_TestNG.Lab_8_2@16293aa2]" started-at="2025-08-19T12:13:55 IST" name="beforeMethod" finished-at="2025-08-19T12:13:56 IST" duration-ms="1612" status="PASS">
          <reporter-output>
          </reporter-output>
        </test-method> <!-- beforeMethod -->
        <test-method signature="f(java.lang.String,java.lang.String)[pri:0, instance:Selenium_TestNG.Lab_8_2@16293aa2]" started-at="2025-08-19T12:13:56 IST" name="f" data-provider="dp" finished-at="2025-08-19T12:13:59 IST" duration-ms="2870" status="PASS">
          <params>
            <param index="0">
              <value>
                <![CDATA[2]]>
              </value>
            </param>
            <param index="1">
              <value>
                <![CDATA[b]]>
              </value>
            </param>
          </params>
          <reporter-output>
          </reporter-output>
        </test-method> <!-- f -->
        <test-method is-config="true" signature="afterClass()[pri:0, instance:Selenium_TestNG.Lab_8_2@16293aa2]" started-at="2025-08-19T12:13:59 IST" name="afterClass" finished-at="2025-08-19T12:13:59 IST" duration-ms="0" status="PASS">
          <reporter-output>
          </reporter-output>
        </test-method> <!-- afterClass -->
        <test-method is-config="true" signature="afterMethod()[pri:0, instance:Selenium_TestNG.Lab_8_2@16293aa2]" started-at="2025-08-19T12:13:59 IST" name="afterMethod" finished-at="2025-08-19T12:13:59 IST" duration-ms="0" status="PASS">
          <reporter-output>
          </reporter-output>
        </test-method> <!-- afterMethod -->
        <test-method is-config="true" signature="afterTest()[pri:0, instance:Selenium_TestNG.Lab_8_2@16293aa2]" started-at="2025-08-19T12:13:59 IST" name="afterTest" finished-at="2025-08-19T12:13:59 IST" duration-ms="0" status="PASS">
          <reporter-output>
          </reporter-output>
        </test-method> <!-- afterTest -->
        <test-method is-config="true" signature="afterSuite()[pri:0, instance:Selenium_TestNG.Lab_8_2@16293aa2]" started-at="2025-08-19T12:13:59 IST" name="afterSuite" finished-at="2025-08-19T12:13:59 IST" duration-ms="1" status="PASS">
          <reporter-output>
          </reporter-output>
        </test-method> <!-- afterSuite -->
      </class> <!-- Selenium_TestNG.Lab_8_2 -->
    </test> <!-- Test -->
  </suite> <!-- Suite -->
</testng-results>
