<?xml version="1.0" encoding="UTF-8"?>
<testng-results ignored="0" total="3" passed="3" failed="0" skipped="0">
  <reporter-output>
  </reporter-output>
  <suite started-at="2025-08-19T14:53:41 IST" name="Suite" finished-at="2025-08-19T14:53:51 IST" duration-ms="10527">
    <groups>
    </groups>
    <test started-at="2025-08-19T14:53:41 IST" name="chrometest" finished-at="2025-08-19T14:53:47 IST" duration-ms="5883">
      <class name="Selenium_TestNG.Lab_9">
        <test-method is-config="true" signature="setup(java.lang.String)[pri:0, instance:Selenium_TestNG.Lab_9@1d2adfbe]" started-at="2025-08-19T14:53:41 IST" name="setup" finished-at="2025-08-19T14:53:43 IST" duration-ms="2000" status="PASS">
          <params>
            <param index="0">
              <value>
                <![CDATA[chrome]]>
              </value>
            </param>
          </params>
          <reporter-output>
          </reporter-output>
        </test-method> <!-- setup -->
        <test-method is-config="true" signature="beforeClass()[pri:0, instance:Selenium_TestNG.Lab_9@1d2adfbe]" started-at="2025-08-19T14:53:43 IST" name="beforeClass" finished-at="2025-08-19T14:53:43 IST" duration-ms="1" status="PASS">
          <reporter-output>
          </reporter-output>
        </test-method> <!-- beforeClass -->
        <test-method is-config="true" signature="beforeMethod()[pri:0, instance:Selenium_TestNG.Lab_9@1d2adfbe]" started-at="2025-08-19T14:53:43 IST" name="beforeMethod" finished-at="2025-08-19T14:53:44 IST" duration-ms="973" status="PASS">
          <reporter-output>
          </reporter-output>
        </test-method> <!-- beforeMethod -->
        <test-method signature="f(java.lang.String,java.lang.String)[pri:0, instance:Selenium_TestNG.Lab_9@1d2adfbe]" started-at="2025-08-19T14:53:44 IST" name="f" data-provider="dp" finished-at="2025-08-19T14:53:47 IST" duration-ms="2862" status="PASS">
          <params>
            <param index="0">
              <value>
                <![CDATA[1]]>
              </value>
            </param>
            <param index="1">
              <value>
                <![CDATA[a]]>
              </value>
            </param>
          </params>
          <reporter-output>
          </reporter-output>
        </test-method> <!-- f -->
        <test-method is-config="true" signature="afterMethod()[pri:0, instance:Selenium_TestNG.Lab_9@1d2adfbe]" started-at="2025-08-19T14:53:47 IST" name="afterMethod" finished-at="2025-08-19T14:53:47 IST" duration-ms="1" status="PASS">
          <reporter-output>
          </reporter-output>
        </test-method> <!-- afterMethod -->
        <test-method is-config="true" signature="afterClass()[pri:0, instance:Selenium_TestNG.Lab_9@1d2adfbe]" started-at="2025-08-19T14:53:47 IST" name="afterClass" finished-at="2025-08-19T14:53:47 IST" duration-ms="1" status="PASS">
          <reporter-output>
          </reporter-output>
        </test-method> <!-- afterClass -->
        <test-method is-config="true" signature="afterTest()[pri:0, instance:Selenium_TestNG.Lab_9@1d2adfbe]" started-at="2025-08-19T14:53:47 IST" name="afterTest" finished-at="2025-08-19T14:53:47 IST" duration-ms="1" status="PASS">
          <reporter-output>
          </reporter-output>
        </test-method> <!-- afterTest -->
      </class> <!-- Selenium_TestNG.Lab_9 -->
    </test> <!-- chrometest -->
    <test started-at="2025-08-19T14:53:41 IST" name="firefoxtest" finished-at="2025-08-19T14:53:49 IST" duration-ms="8315">
      <class name="Selenium_TestNG.Lab_9">
        <test-method is-config="true" signature="setup(java.lang.String)[pri:0, instance:Selenium_TestNG.Lab_9@34a3d150]" started-at="2025-08-19T14:53:41 IST" name="setup" finished-at="2025-08-19T14:53:45 IST" duration-ms="4026" status="PASS">
          <params>
            <param index="0">
              <value>
                <![CDATA[firefox]]>
              </value>
            </param>
          </params>
          <reporter-output>
          </reporter-output>
        </test-method> <!-- setup -->
        <test-method is-config="true" signature="beforeClass()[pri:0, instance:Selenium_TestNG.Lab_9@34a3d150]" started-at="2025-08-19T14:53:45 IST" name="beforeClass" finished-at="2025-08-19T14:53:45 IST" duration-ms="1" status="PASS">
          <reporter-output>
          </reporter-output>
        </test-method> <!-- beforeClass -->
        <test-method is-config="true" signature="beforeMethod()[pri:0, instance:Selenium_TestNG.Lab_9@34a3d150]" started-at="2025-08-19T14:53:45 IST" name="beforeMethod" finished-at="2025-08-19T14:53:46 IST" duration-ms="1170" status="PASS">
          <reporter-output>
          </reporter-output>
        </test-method> <!-- beforeMethod -->
        <test-method signature="f(java.lang.String,java.lang.String)[pri:0, instance:Selenium_TestNG.Lab_9@34a3d150]" started-at="2025-08-19T14:53:46 IST" name="f" data-provider="dp" finished-at="2025-08-19T14:53:49 IST" duration-ms="3112" status="PASS">
          <params>
            <param index="0">
              <value>
                <![CDATA[1]]>
              </value>
            </param>
            <param index="1">
              <value>
                <![CDATA[a]]>
              </value>
            </param>
          </params>
          <reporter-output>
          </reporter-output>
        </test-method> <!-- f -->
        <test-method is-config="true" signature="afterMethod()[pri:0, instance:Selenium_TestNG.Lab_9@34a3d150]" started-at="2025-08-19T14:53:49 IST" name="afterMethod" finished-at="2025-08-19T14:53:49 IST" duration-ms="1" status="PASS">
          <reporter-output>
          </reporter-output>
        </test-method> <!-- afterMethod -->
        <test-method is-config="true" signature="afterClass()[pri:0, instance:Selenium_TestNG.Lab_9@34a3d150]" started-at="2025-08-19T14:53:49 IST" name="afterClass" finished-at="2025-08-19T14:53:49 IST" duration-ms="0" status="PASS">
          <reporter-output>
          </reporter-output>
        </test-method> <!-- afterClass -->
        <test-method is-config="true" signature="afterTest()[pri:0, instance:Selenium_TestNG.Lab_9@34a3d150]" started-at="2025-08-19T14:53:49 IST" name="afterTest" finished-at="2025-08-19T14:53:49 IST" duration-ms="0" status="PASS">
          <reporter-output>
          </reporter-output>
        </test-method> <!-- afterTest -->
      </class> <!-- Selenium_TestNG.Lab_9 -->
    </test> <!-- firefoxtest -->
    <test started-at="2025-08-19T14:53:47 IST" name="edgetest" finished-at="2025-08-19T14:53:51 IST" duration-ms="4624">
      <class name="Selenium_TestNG.Lab_9">
        <test-method is-config="true" signature="beforeSuite()[pri:0, instance:Selenium_TestNG.Lab_9@128d2484]" started-at="2025-08-19T14:53:41 IST" name="beforeSuite" finished-at="2025-08-19T14:53:41 IST" duration-ms="7" status="PASS">
          <reporter-output>
          </reporter-output>
        </test-method> <!-- beforeSuite -->
        <test-method is-config="true" signature="setup(java.lang.String)[pri:0, instance:Selenium_TestNG.Lab_9@128d2484]" started-at="2025-08-19T14:53:47 IST" name="setup" finished-at="2025-08-19T14:53:47 IST" duration-ms="934" status="PASS">
          <params>
            <param index="0">
              <value>
                <![CDATA[edge]]>
              </value>
            </param>
          </params>
          <reporter-output>
          </reporter-output>
        </test-method> <!-- setup -->
        <test-method is-config="true" signature="beforeMethod()[pri:0, instance:Selenium_TestNG.Lab_9@128d2484]" started-at="2025-08-19T14:53:47 IST" name="beforeMethod" finished-at="2025-08-19T14:53:48 IST" duration-ms="818" status="PASS">
          <reporter-output>
          </reporter-output>
        </test-method> <!-- beforeMethod -->
        <test-method is-config="true" signature="beforeClass()[pri:0, instance:Selenium_TestNG.Lab_9@128d2484]" started-at="2025-08-19T14:53:47 IST" name="beforeClass" finished-at="2025-08-19T14:53:47 IST" duration-ms="0" status="PASS">
          <reporter-output>
          </reporter-output>
        </test-method> <!-- beforeClass -->
        <test-method signature="f(java.lang.String,java.lang.String)[pri:0, instance:Selenium_TestNG.Lab_9@128d2484]" started-at="2025-08-19T14:53:48 IST" name="f" data-provider="dp" finished-at="2025-08-19T14:53:51 IST" duration-ms="2869" status="PASS">
          <params>
            <param index="0">
              <value>
                <![CDATA[1]]>
              </value>
            </param>
            <param index="1">
              <value>
                <![CDATA[a]]>
              </value>
            </param>
          </params>
          <reporter-output>
          </reporter-output>
        </test-method> <!-- f -->
        <test-method is-config="true" signature="afterMethod()[pri:0, instance:Selenium_TestNG.Lab_9@128d2484]" started-at="2025-08-19T14:53:51 IST" name="afterMethod" finished-at="2025-08-19T14:53:51 IST" duration-ms="0" status="PASS">
          <reporter-output>
          </reporter-output>
        </test-method> <!-- afterMethod -->
        <test-method is-config="true" signature="afterTest()[pri:0, instance:Selenium_TestNG.Lab_9@128d2484]" started-at="2025-08-19T14:53:51 IST" name="afterTest" finished-at="2025-08-19T14:53:51 IST" duration-ms="0" status="PASS">
          <reporter-output>
          </reporter-output>
        </test-method> <!-- afterTest -->
        <test-method is-config="true" signature="afterClass()[pri:0, instance:Selenium_TestNG.Lab_9@128d2484]" started-at="2025-08-19T14:53:51 IST" name="afterClass" finished-at="2025-08-19T14:53:51 IST" duration-ms="0" status="PASS">
          <reporter-output>
          </reporter-output>
        </test-method> <!-- afterClass -->
        <test-method is-config="true" signature="afterSuite()[pri:0, instance:Selenium_TestNG.Lab_9@128d2484]" started-at="2025-08-19T14:53:51 IST" name="afterSuite" finished-at="2025-08-19T14:53:51 IST" duration-ms="1" status="PASS">
          <reporter-output>
          </reporter-output>
        </test-method> <!-- afterSuite -->
      </class> <!-- Selenium_TestNG.Lab_9 -->
    </test> <!-- edgetest -->
  </suite> <!-- Suite -->
</testng-results>
